# JRE version: Java(TM) SE Runtime Environment (7.0_51-b13) (build 1.7.0_51-b13)
# Java VM: Java HotSpot(TM) 64-Bit Server VM (24.51-b03 mixed mode linux-amd64 compressed oops)
Heap
 PSYoungGen      total 466432K, used 39062K [0x00000007d5500000, 0x0000000800000000, 0x0000000800000000)
  eden space 233472K, 0% used [0x00000007d5500000,0x00000007d5500000,0x00000007e3900000)
  from space 232960K, 16% used [0x00000007f1c80000,0x00000007f42a5a50,0x0000000800000000)
  to   space 232960K, 0% used [0x00000007e3900000,0x00000007e3900000,0x00000007f1c80000)
 ParOldGen       total 690688K, used 683858K [0x0000000780000000, 0x00000007aa280000, 0x00000007d5500000)
  object space 690688K, 99% used [0x0000000780000000,0x00000007a9bd4b58,0x00000007aa280000)
 PSPermGen       total 21504K, used 2968K [0x000000077ae00000, 0x000000077c300000, 0x0000000780000000)
  object space 21504K, 13% used [0x000000077ae00000,0x000000077b0e61a8,0x000000077c300000)
GC Heap History (10 events):
Event: 10.741 GC heap after
Heap after GC invocations=13 (full 2):
 PSYoungGen      total 466432K, used 52667K [0x00000007d5500000, 0x0000000800000000, 0x0000000800000000)
  eden space 233472K, 0% used [0x00000007d5500000,0x00000007d5500000,0x00000007e3900000)
  from space 232960K, 22% used [0x00000007e3900000,0x00000007e6c6ed20,0x00000007f1c80000)
  to   space 232960K, 0% used [0x00000007f1c80000,0x00000007f1c80000,0x0000000800000000)
 ParOldGen       total 1095680K, used 898737K [0x0000000780000000, 0x00000007c2e00000, 0x00000007d5500000)
  object space 1095680K, 82% used [0x0000000780000000,0x00000007b6dac4c0,0x00000007c2e00000)
 PSPermGen       total 21504K, used 2968K [0x000000077ae00000, 0x000000077c300000, 0x0000000780000000)
  object space 21504K, 13% used [0x000000077ae00000,0x000000077b0e61e8,0x000000077c300000)
}
Event: 10.741 GC heap before
{Heap before GC invocations=14 (full 3):
 PSYoungGen      total 466432K, used 52667K [0x00000007d5500000, 0x0000000800000000, 0x0000000800000000)
  eden space 233472K, 0% used [0x00000007d5500000,0x00000007d5500000,0x00000007e3900000)
  from space 232960K, 22% used [0x00000007e3900000,0x00000007e6c6ed20,0x00000007f1c80000)
  to   space 232960K, 0% used [0x00000007f1c80000,0x00000007f1c80000,0x0000000800000000)
 ParOldGen       total 1095680K, used 898737K [0x0000000780000000, 0x00000007c2e00000, 0x00000007d5500000)
  object space 1095680K, 82% used [0x0000000780000000,0x00000007b6dac4c0,0x00000007c2e00000)
 PSPermGen       total 21504K, used 2968K [0x000000077ae00000, 0x000000077c300000, 0x0000000780000000)
  object space 21504K, 13% used [0x000000077ae00000,0x000000077b0e61e8,0x000000077c300000)
Event: 11.146 GC heap after
Heap after GC invocations=14 (full 3):
 PSYoungGen      total 466432K, used 0K [0x00000007d5500000, 0x0000000800000000, 0x0000000800000000)
  eden space 233472K, 0% used [0x00000007d5500000,0x00000007d5500000,0x00000007e3900000)
  from space 232960K, 0% used [0x00000007e3900000,0x00000007e3900000,0x00000007f1c80000)
  to   space 232960K, 0% used [0x00000007f1c80000,0x00000007f1c80000,0x0000000800000000)
 ParOldGen       total 690688K, used 52851K [0x0000000780000000, 0x00000007aa280000, 0x00000007d5500000)
  object space 690688K, 7% used [0x0000000780000000,0x000000078339ce78,0x00000007aa280000)
 PSPermGen       total 21504K, used 2968K [0x000000077ae00000, 0x000000077c300000, 0x0000000780000000)
  object space 21504K, 13% used [0x000000077ae00000,0x000000077b0e61a8,0x000000077c300000)
}
Event: 11.389 GC heap before
{Heap before GC invocations=15 (full 3):
 PSYoungGen      total 466432K, used 233472K [0x00000007d5500000, 0x0000000800000000, 0x0000000800000000)
  eden space 233472K, 100% used [0x00000007d5500000,0x00000007e3900000,0x00000007e3900000)
  from space 232960K, 0% used [0x00000007e3900000,0x00000007e3900000,0x00000007f1c80000)
  to   space 232960K, 0% used [0x00000007f1c80000,0x00000007f1c80000,0x0000000800000000)
 ParOldGen       total 690688K, used 52851K [0x0000000780000000, 0x00000007aa280000, 0x00000007d5500000)
  object space 690688K, 7% used [0x0000000780000000,0x000000078339ce78,0x00000007aa280000)
 PSPermGen       total 21504K, used 2968K [0x000000077ae00000, 0x000000077c300000, 0x0000000780000000)
  object space 21504K, 13% used [0x000000077ae00000,0x000000077b0e61a8,0x000000077c300000)
Event: 12.180 GC heap after
Heap after GC invocations=15 (full 3):
 PSYoungGen      total 466432K, used 232960K [0x00000007d5500000, 0x0000000800000000, 0x0000000800000000)
  eden space 233472K, 0% used [0x00000007d5500000,0x00000007d5500000,0x00000007e3900000)
  from space 232960K, 100% used [0x00000007f1c80000,0x0000000800000000,0x0000000800000000)
  to   space 232960K, 0% used [0x00000007e3900000,0x00000007e3900000,0x00000007f1c80000)
 ParOldGen       total 690688K, used 53403K [0x0000000780000000, 0x00000007aa280000, 0x00000007d5500000)
  object space 690688K, 7% used [0x0000000780000000,0x0000000783426e78,0x00000007aa280000)
 PSPermGen       total 21504K, used 2968K [0x000000077ae00000, 0x000000077c300000, 0x0000000780000000)
  object space 21504K, 13% used [0x000000077ae00000,0x000000077b0e61a8,0x000000077c300000)
}
Event: 12.297 GC heap before
{Heap before GC invocations=16 (full 3):
 PSYoungGen      total 466432K, used 457084K [0x00000007d5500000, 0x0000000800000000, 0x0000000800000000)
  eden space 233472K, 95% used [0x00000007d5500000,0x00000007e2fdf308,0x00000007e3900000)
  from space 232960K, 100% used [0x00000007f1c80000,0x0000000800000000,0x0000000800000000)
  to   space 232960K, 0% used [0x00000007e3900000,0x00000007e3900000,0x00000007f1c80000)
 ParOldGen       total 690688K, used 53403K [0x0000000780000000, 0x00000007aa280000, 0x00000007d5500000)
  object space 690688K, 7% used [0x0000000780000000,0x0000000783426e78,0x00000007aa280000)
 PSPermGen       total 21504K, used 2968K [0x000000077ae00000, 0x000000077c300000, 0x0000000780000000)
  object space 21504K, 13% used [0x000000077ae00000,0x000000077b0e61a8,0x000000077c300000)
Event: 13.318 GC heap after
Heap after GC invocations=16 (full 3):
 PSYoungGen      total 466432K, used 222012K [0x00000007d5500000, 0x0000000800000000, 0x0000000800000000)
  eden space 233472K, 0% used [0x00000007d5500000,0x00000007d5500000,0x00000007e3900000)
  from space 232960K, 95% used [0x00000007e3900000,0x00000007f11cf008,0x00000007f1c80000)
  to   space 232960K, 0% used [0x00000007f1c80000,0x00000007f1c80000,0x0000000800000000)
 ParOldGen       total 690688K, used 287059K [0x0000000780000000, 0x00000007aa280000, 0x00000007d5500000)
  object space 690688K, 41% used [0x0000000780000000,0x0000000791854e78,0x00000007aa280000)
 PSPermGen       total 21504K, used 2968K [0x000000077ae00000, 0x000000077c300000, 0x0000000780000000)
  object space 21504K, 13% used [0x000000077ae00000,0x000000077b0e61a8,0x000000077c300000)
}
Event: 13.384 GC heap before
{Heap before GC invocations=17 (full 3):
 PSYoungGen      total 466432K, used 438934K [0x00000007d5500000, 0x0000000800000000, 0x0000000800000000)
  eden space 233472K, 92% used [0x00000007d5500000,0x00000007e28d6a10,0x00000007e3900000)
  from space 232960K, 95% used [0x00000007e3900000,0x00000007f11cf008,0x00000007f1c80000)
  to   space 232960K, 0% used [0x00000007f1c80000,0x00000007f1c80000,0x0000000800000000)
 ParOldGen       total 690688K, used 287059K [0x0000000780000000, 0x00000007aa280000, 0x00000007d5500000)
  object space 690688K, 41% used [0x0000000780000000,0x0000000791854e78,0x00000007aa280000)
 PSPermGen       total 21504K, used 2968K [0x000000077ae00000, 0x000000077c300000, 0x0000000780000000)
  object space 21504K, 13% used [0x000000077ae00000,0x000000077b0e61a8,0x000000077c300000)
Event: 13.603 GC heap after
Heap after GC invocations=17 (full 3):
 PSYoungGen      total 466432K, used 214972K [0x00000007d5500000, 0x0000000800000000, 0x0000000800000000)
  eden space 233472K, 0% used [0x00000007d5500000,0x00000007d5500000,0x00000007e3900000)
  from space 232960K, 92% used [0x00000007f1c80000,0x00000007fee6f008,0x0000000800000000)
  to   space 232960K, 0% used [0x00000007e3900000,0x00000007e3900000,0x00000007f1c80000)
 ParOldGen       total 690688K, used 509071K [0x0000000780000000, 0x00000007aa280000, 0x00000007d5500000)
  object space 690688K, 73% used [0x0000000780000000,0x000000079f123e80,0x00000007aa280000)
 PSPermGen       total 21504K, used 2968K [0x000000077ae00000, 0x000000077c300000, 0x0000000780000000)
  object space 21504K, 13% used [0x000000077ae00000,0x000000077b0e61a8,0x000000077c300000)
}
Event: 13.603 GC heap before
{Heap before GC invocations=18 (full 4):
 PSYoungGen      total 466432K, used 214972K [0x00000007d5500000, 0x0000000800000000, 0x0000000800000000)
  eden space 233472K, 0% used [0x00000007d5500000,0x00000007d5500000,0x00000007e3900000)
  from space 232960K, 92% used [0x00000007f1c80000,0x00000007fee6f008,0x0000000800000000)
  to   space 232960K, 0% used [0x00000007e3900000,0x00000007e3900000,0x00000007f1c80000)
 ParOldGen       total 690688K, used 509071K [0x0000000780000000, 0x00000007aa280000, 0x00000007d5500000)
  object space 690688K, 73% used [0x0000000780000000,0x000000079f123e80,0x00000007aa280000)
 PSPermGen       total 21504K, used 2968K [0x000000077ae00000, 0x000000077c300000, 0x0000000780000000)
  object space 21504K, 13% used [0x000000077ae00000,0x000000077b0e61a8,0x000000077c300000)

