# JRE version: Java(TM) SE Runtime Environment (7.0_51-b13) (build 1.7.0_51-b13)
# Java VM: Java HotSpot(TM) 64-Bit Server VM (24.51-b03 mixed mode linux-amd64 compressed oops)
Heap
 PSYoungGen      total 285696K, used 0K [0x00000007c0000000, 0x00000007d2c00000, 0x0000000800000000)
  eden space 264192K, 0% used [0x00000007c0000000,0x00000007c0000000,0x00000007d0200000)
  from space 21504K, 0% used [0x00000007d1700000,0x00000007d1700000,0x00000007d2c00000)
  to   space 21504K, 0% used [0x00000007d0200000,0x00000007d0200000,0x00000007d1700000)
 ParOldGen       total 349696K, used 249118K [0x0000000740000000, 0x0000000755580000, 0x00000007c0000000)
  object space 349696K, 71% used [0x0000000740000000,0x000000074f347ab8,0x0000000755580000)
 PSPermGen       total 21504K, used 2408K [0x000000073ae00000, 0x000000073c300000, 0x0000000740000000)
  object space 21504K, 11% used [0x000000073ae00000,0x000000073b05a380,0x000000073c300000)
GC Heap History (9 events):
Event: 0.966 GC heap before
{Heap before GC invocations=1 (full 0):
 PSYoungGen      total 153600K, used 132096K [0x00000007c0000000, 0x00000007cab00000, 0x0000000800000000)
  eden space 132096K, 100% used [0x00000007c0000000,0x00000007c8100000,0x00000007c8100000)
  from space 21504K, 0% used [0x00000007c9600000,0x00000007c9600000,0x00000007cab00000)
  to   space 21504K, 0% used [0x00000007c8100000,0x00000007c8100000,0x00000007c9600000)
 ParOldGen       total 349696K, used 0K [0x0000000740000000, 0x0000000755580000, 0x00000007c0000000)
  object space 349696K, 0% used [0x0000000740000000,0x0000000740000000,0x0000000755580000)
 PSPermGen       total 21504K, used 2400K [0x000000073ae00000, 0x000000073c300000, 0x0000000740000000)
  object space 21504K, 11% used [0x000000073ae00000,0x000000073b058008,0x000000073c300000)
Event: 0.968 GC heap after
Heap after GC invocations=1 (full 0):
 PSYoungGen      total 153600K, used 352K [0x00000007c0000000, 0x00000007cab00000, 0x0000000800000000)
  eden space 132096K, 0% used [0x00000007c0000000,0x00000007c0000000,0x00000007c8100000)
  from space 21504K, 1% used [0x00000007c8100000,0x00000007c8158000,0x00000007c9600000)
  to   space 21504K, 0% used [0x00000007c9600000,0x00000007c9600000,0x00000007cab00000)
 ParOldGen       total 349696K, used 8K [0x0000000740000000, 0x0000000755580000, 0x00000007c0000000)
  object space 349696K, 0% used [0x0000000740000000,0x0000000740002000,0x0000000755580000)
 PSPermGen       total 21504K, used 2400K [0x000000073ae00000, 0x000000073c300000, 0x0000000740000000)
  object space 21504K, 11% used [0x000000073ae00000,0x000000073b058008,0x000000073c300000)
}
Event: 1.212 GC heap before
{Heap before GC invocations=2 (full 0):
 PSYoungGen      total 153600K, used 132448K [0x00000007c0000000, 0x00000007cab00000, 0x0000000800000000)
  eden space 132096K, 100% used [0x00000007c0000000,0x00000007c8100000,0x00000007c8100000)
  from space 21504K, 1% used [0x00000007c8100000,0x00000007c8158000,0x00000007c9600000)
  to   space 21504K, 0% used [0x00000007c9600000,0x00000007c9600000,0x00000007cab00000)
 ParOldGen       total 349696K, used 8K [0x0000000740000000, 0x0000000755580000, 0x00000007c0000000)
  object space 349696K, 0% used [0x0000000740000000,0x0000000740002000,0x0000000755580000)
 PSPermGen       total 21504K, used 2409K [0x000000073ae00000, 0x000000073c300000, 0x0000000740000000)
  object space 21504K, 11% used [0x000000073ae00000,0x000000073b05a6a0,0x000000073c300000)
Event: 1.213 GC heap after
Heap after GC invocations=2 (full 0):
 PSYoungGen      total 153600K, used 320K [0x00000007c0000000, 0x00000007cab00000, 0x0000000800000000)
  eden space 132096K, 0% used [0x00000007c0000000,0x00000007c0000000,0x00000007c8100000)
  from space 21504K, 1% used [0x00000007c9600000,0x00000007c9650020,0x00000007cab00000)
  to   space 21504K, 0% used [0x00000007c8100000,0x00000007c8100000,0x00000007c9600000)
 ParOldGen       total 349696K, used 8K [0x0000000740000000, 0x0000000755580000, 0x00000007c0000000)
  object space 349696K, 0% used [0x0000000740000000,0x0000000740002000,0x0000000755580000)
 PSPermGen       total 21504K, used 2409K [0x000000073ae00000, 0x000000073c300000, 0x0000000740000000)
  object space 21504K, 11% used [0x000000073ae00000,0x000000073b05a6a0,0x000000073c300000)
}
Event: 1.355 GC heap before
{Heap before GC invocations=3 (full 0):
 PSYoungGen      total 153600K, used 132416K [0x00000007c0000000, 0x00000007cab00000, 0x0000000800000000)
  eden space 132096K, 100% used [0x00000007c0000000,0x00000007c8100000,0x00000007c8100000)
  from space 21504K, 1% used [0x00000007c9600000,0x00000007c9650020,0x00000007cab00000)
  to   space 21504K, 0% used [0x00000007c8100000,0x00000007c8100000,0x00000007c9600000)
 ParOldGen       total 349696K, used 8K [0x0000000740000000, 0x0000000755580000, 0x00000007c0000000)
  object space 349696K, 0% used [0x0000000740000000,0x0000000740002000,0x0000000755580000)
 PSPermGen       total 21504K, used 2409K [0x000000073ae00000, 0x000000073c300000, 0x0000000740000000)
  object space 21504K, 11% used [0x000000073ae00000,0x000000073b05a6e0,0x000000073c300000)
Event: 1.503 GC heap after
Heap after GC invocations=3 (full 0):
 PSYoungGen      total 153600K, used 21483K [0x00000007c0000000, 0x00000007d2c00000, 0x0000000800000000)
  eden space 132096K, 0% used [0x00000007c0000000,0x00000007c0000000,0x00000007c8100000)
  from space 21504K, 99% used [0x00000007c8100000,0x00000007c95fad30,0x00000007c9600000)
  to   space 21504K, 0% used [0x00000007d1700000,0x00000007d1700000,0x00000007d2c00000)
 ParOldGen       total 349696K, used 95880K [0x0000000740000000, 0x0000000755580000, 0x00000007c0000000)
  object space 349696K, 27% used [0x0000000740000000,0x0000000745da2000,0x0000000755580000)
 PSPermGen       total 21504K, used 2409K [0x000000073ae00000, 0x000000073c300000, 0x0000000740000000)
  object space 21504K, 11% used [0x000000073ae00000,0x000000073b05a6e0,0x000000073c300000)
}
Event: 1.646 GC heap before
{Heap before GC invocations=4 (full 0):
 PSYoungGen      total 153600K, used 153579K [0x00000007c0000000, 0x00000007d2c00000, 0x0000000800000000)
  eden space 132096K, 100% used [0x00000007c0000000,0x00000007c8100000,0x00000007c8100000)
  from space 21504K, 99% used [0x00000007c8100000,0x00000007c95fad30,0x00000007c9600000)
  to   space 21504K, 0% used [0x00000007d1700000,0x00000007d1700000,0x00000007d2c00000)
 ParOldGen       total 349696K, used 95880K [0x0000000740000000, 0x0000000755580000, 0x00000007c0000000)
  object space 349696K, 27% used [0x0000000740000000,0x0000000745da2000,0x0000000755580000)
 PSPermGen       total 21504K, used 2409K [0x000000073ae00000, 0x000000073c300000, 0x0000000740000000)
  object space 21504K, 11% used [0x000000073ae00000,0x000000073b05a6e0,0x000000073c300000)
Event: 1.855 GC heap after
Heap after GC invocations=4 (full 0):
 PSYoungGen      total 285696K, used 21483K [0x00000007c0000000, 0x00000007d2c00000, 0x0000000800000000)
  eden space 264192K, 0% used [0x00000007c0000000,0x00000007c0000000,0x00000007d0200000)
  from space 21504K, 99% used [0x00000007d1700000,0x00000007d2bfad30,0x00000007d2c00000)
  to   space 21504K, 0% used [0x00000007d0200000,0x00000007d0200000,0x00000007d1700000)
 ParOldGen       total 349696K, used 228136K [0x0000000740000000, 0x0000000755580000, 0x00000007c0000000)
  object space 349696K, 65% used [0x0000000740000000,0x000000074deca000,0x0000000755580000)
 PSPermGen       total 21504K, used 2409K [0x000000073ae00000, 0x000000073c300000, 0x0000000740000000)
  object space 21504K, 11% used [0x000000073ae00000,0x000000073b05a6e0,0x000000073c300000)
}
Event: 1.855 GC heap before
{Heap before GC invocations=5 (full 1):
 PSYoungGen      total 285696K, used 21483K [0x00000007c0000000, 0x00000007d2c00000, 0x0000000800000000)
  eden space 264192K, 0% used [0x00000007c0000000,0x00000007c0000000,0x00000007d0200000)
  from space 21504K, 99% used [0x00000007d1700000,0x00000007d2bfad30,0x00000007d2c00000)
  to   space 21504K, 0% used [0x00000007d0200000,0x00000007d0200000,0x00000007d1700000)
 ParOldGen       total 349696K, used 228136K [0x0000000740000000, 0x0000000755580000, 0x00000007c0000000)
  object space 349696K, 65% used [0x0000000740000000,0x000000074deca000,0x0000000755580000)
 PSPermGen       total 21504K, used 2409K [0x000000073ae00000, 0x000000073c300000, 0x0000000740000000)
  object space 21504K, 11% used [0x000000073ae00000,0x000000073b05a6e0,0x000000073c300000)

