# JRE version: Java(TM) SE Runtime Environment (7.0_51-b13) (build 1.7.0_51-b13)
# Java VM: Java HotSpot(TM) 64-Bit Server VM (24.51-b03 mixed mode linux-amd64 compressed oops)
Heap
 PSYoungGen      total 466432K, used 0K [0x00000007d5500000, 0x0000000800000000, 0x0000000800000000)
  eden space 233472K, 0% used [0x00000007d5500000,0x00000007d5500000,0x00000007e3900000)
  from space 232960K, 0% used [0x00000007e3900000,0x00000007e3900000,0x00000007f1c80000)
  to   space 232960K, 0% used [0x00000007f1c80000,0x00000007f1c80000,0x0000000800000000)
 ParOldGen       total 723456K, used 605736K [0x0000000780000000, 0x00000007ac280000, 0x00000007d5500000)
  object space 723456K, 83% used [0x0000000780000000,0x00000007a4f8a298,0x00000007ac280000)
 PSPermGen       total 21504K, used 3006K [0x000000077ae00000, 0x000000077c300000, 0x0000000780000000)
  object space 21504K, 13% used [0x000000077ae00000,0x000000077b0efbf0,0x000000077c300000)
GC Heap History (10 events):
Event: 62.268 GC heap after
Heap after GC invocations=29 (full 3):
 PSYoungGen      total 466432K, used 23501K [0x00000007d5500000, 0x0000000800000000, 0x0000000800000000)
  eden space 233472K, 0% used [0x00000007d5500000,0x00000007d5500000,0x00000007e3900000)
  from space 232960K, 10% used [0x00000007f1c80000,0x00000007f3373648,0x0000000800000000)
  to   space 232960K, 0% used [0x00000007e3900000,0x00000007e3900000,0x00000007f1c80000)
 ParOldGen       total 997888K, used 875326K [0x0000000780000000, 0x00000007bce80000, 0x00000007d5500000)
  object space 997888K, 87% used [0x0000000780000000,0x00000007b56cf910,0x00000007bce80000)
 PSPermGen       total 21504K, used 3006K [0x000000077ae00000, 0x000000077c300000, 0x0000000780000000)
  object space 21504K, 13% used [0x000000077ae00000,0x000000077b0efbf0,0x000000077c300000)
}
Event: 62.268 GC heap before
{Heap before GC invocations=30 (full 4):
 PSYoungGen      total 466432K, used 23501K [0x00000007d5500000, 0x0000000800000000, 0x0000000800000000)
  eden space 233472K, 0% used [0x00000007d5500000,0x00000007d5500000,0x00000007e3900000)
  from space 232960K, 10% used [0x00000007f1c80000,0x00000007f3373648,0x0000000800000000)
  to   space 232960K, 0% used [0x00000007e3900000,0x00000007e3900000,0x00000007f1c80000)
 ParOldGen       total 997888K, used 875326K [0x0000000780000000, 0x00000007bce80000, 0x00000007d5500000)
  object space 997888K, 87% used [0x0000000780000000,0x00000007b56cf910,0x00000007bce80000)
 PSPermGen       total 21504K, used 3006K [0x000000077ae00000, 0x000000077c300000, 0x0000000780000000)
  object space 21504K, 13% used [0x000000077ae00000,0x000000077b0efbf0,0x000000077c300000)
Event: 62.303 GC heap after
Heap after GC invocations=30 (full 4):
 PSYoungGen      total 466432K, used 0K [0x00000007d5500000, 0x0000000800000000, 0x0000000800000000)
  eden space 233472K, 0% used [0x00000007d5500000,0x00000007d5500000,0x00000007e3900000)
  from space 232960K, 0% used [0x00000007f1c80000,0x00000007f1c80000,0x0000000800000000)
  to   space 232960K, 0% used [0x00000007e3900000,0x00000007e3900000,0x00000007f1c80000)
 ParOldGen       total 723456K, used 536K [0x0000000780000000, 0x00000007ac280000, 0x00000007d5500000)
  object space 723456K, 0% used [0x0000000780000000,0x0000000780086190,0x00000007ac280000)
 PSPermGen       total 21504K, used 3006K [0x000000077ae00000, 0x000000077c300000, 0x0000000780000000)
  object space 21504K, 13% used [0x000000077ae00000,0x000000077b0efbf0,0x000000077c300000)
}
Event: 62.507 GC heap before
{Heap before GC invocations=31 (full 4):
 PSYoungGen      total 466432K, used 233472K [0x00000007d5500000, 0x0000000800000000, 0x0000000800000000)
  eden space 233472K, 100% used [0x00000007d5500000,0x00000007e3900000,0x00000007e3900000)
  from space 232960K, 0% used [0x00000007f1c80000,0x00000007f1c80000,0x0000000800000000)
  to   space 232960K, 0% used [0x00000007e3900000,0x00000007e3900000,0x00000007f1c80000)
 ParOldGen       total 723456K, used 536K [0x0000000780000000, 0x00000007ac280000, 0x00000007d5500000)
  object space 723456K, 0% used [0x0000000780000000,0x0000000780086190,0x00000007ac280000)
 PSPermGen       total 21504K, used 3006K [0x000000077ae00000, 0x000000077c300000, 0x0000000780000000)
  object space 21504K, 13% used [0x000000077ae00000,0x000000077b0efbf0,0x000000077c300000)
Event: 62.670 GC heap after
Heap after GC invocations=31 (full 4):
 PSYoungGen      total 466432K, used 169915K [0x00000007d5500000, 0x0000000800000000, 0x0000000800000000)
  eden space 233472K, 0% used [0x00000007d5500000,0x00000007d5500000,0x00000007e3900000)
  from space 232960K, 72% used [0x00000007e3900000,0x00000007edeeed20,0x00000007f1c80000)
  to   space 232960K, 0% used [0x00000007f1c80000,0x00000007f1c80000,0x0000000800000000)
 ParOldGen       total 723456K, used 536K [0x0000000780000000, 0x00000007ac280000, 0x00000007d5500000)
  object space 723456K, 0% used [0x0000000780000000,0x0000000780086190,0x00000007ac280000)
 PSPermGen       total 21504K, used 3006K [0x000000077ae00000, 0x000000077c300000, 0x0000000780000000)
  object space 21504K, 13% used [0x000000077ae00000,0x000000077b0efbf0,0x000000077c300000)
}
Event: 62.872 GC heap before
{Heap before GC invocations=32 (full 4):
 PSYoungGen      total 466432K, used 392890K [0x00000007d5500000, 0x0000000800000000, 0x0000000800000000)
  eden space 233472K, 95% used [0x00000007d5500000,0x00000007e2ebfd68,0x00000007e3900000)
  from space 232960K, 72% used [0x00000007e3900000,0x00000007edeeed20,0x00000007f1c80000)
  to   space 232960K, 0% used [0x00000007f1c80000,0x00000007f1c80000,0x0000000800000000)
 ParOldGen       total 723456K, used 536K [0x0000000780000000, 0x00000007ac280000, 0x00000007d5500000)
  object space 723456K, 0% used [0x0000000780000000,0x0000000780086190,0x00000007ac280000)
 PSPermGen       total 21504K, used 3006K [0x000000077ae00000, 0x000000077c300000, 0x0000000780000000)
  object space 21504K, 13% used [0x000000077ae00000,0x000000077b0efbf0,0x000000077c300000)
Event: 63.256 GC heap after
Heap after GC invocations=32 (full 4):
 PSYoungGen      total 466432K, used 221176K [0x00000007d5500000, 0x0000000800000000, 0x0000000800000000)
  eden space 233472K, 0% used [0x00000007d5500000,0x00000007d5500000,0x00000007e3900000)
  from space 232960K, 94% used [0x00000007f1c80000,0x00000007ff47e178,0x0000000800000000)
  to   space 232960K, 0% used [0x00000007e3900000,0x00000007e3900000,0x00000007f1c80000)
 ParOldGen       total 723456K, used 170499K [0x0000000780000000, 0x00000007ac280000, 0x00000007d5500000)
  object space 723456K, 23% used [0x0000000780000000,0x000000078a680ea0,0x00000007ac280000)
 PSPermGen       total 21504K, used 3006K [0x000000077ae00000, 0x000000077c300000, 0x0000000780000000)
  object space 21504K, 13% used [0x000000077ae00000,0x000000077b0efbf0,0x000000077c300000)
}
Event: 63.324 GC heap before
{Heap before GC invocations=33 (full 4):
 PSYoungGen      total 466432K, used 438709K [0x00000007d5500000, 0x0000000800000000, 0x0000000800000000)
  eden space 233472K, 93% used [0x00000007d5500000,0x00000007e296f568,0x00000007e3900000)
  from space 232960K, 94% used [0x00000007f1c80000,0x00000007ff47e178,0x0000000800000000)
  to   space 232960K, 0% used [0x00000007e3900000,0x00000007e3900000,0x00000007f1c80000)
 ParOldGen       total 723456K, used 170499K [0x0000000780000000, 0x00000007ac280000, 0x00000007d5500000)
  object space 723456K, 23% used [0x0000000780000000,0x000000078a680ea0,0x00000007ac280000)
 PSPermGen       total 21504K, used 3006K [0x000000077ae00000, 0x000000077c300000, 0x0000000780000000)
  object space 21504K, 13% used [0x000000077ae00000,0x000000077b0efbf0,0x000000077c300000)
Event: 63.802 GC heap after
Heap after GC invocations=33 (full 4):
 PSYoungGen      total 466432K, used 214940K [0x00000007d5500000, 0x0000000800000000, 0x0000000800000000)
  eden space 233472K, 0% used [0x00000007d5500000,0x00000007d5500000,0x00000007e3900000)
  from space 232960K, 92% used [0x00000007e3900000,0x00000007f0ae7008,0x00000007f1c80000)
  to   space 232960K, 0% used [0x00000007f1c80000,0x00000007f1c80000,0x0000000800000000)
 ParOldGen       total 723456K, used 391892K [0x0000000780000000, 0x00000007ac280000, 0x00000007d5500000)
  object space 723456K, 54% used [0x0000000780000000,0x0000000797eb5018,0x00000007ac280000)
 PSPermGen       total 21504K, used 3006K [0x000000077ae00000, 0x000000077c300000, 0x0000000780000000)
  object space 21504K, 13% used [0x000000077ae00000,0x000000077b0efbf0,0x000000077c300000)
}
Event: 63.802 GC heap before
{Heap before GC invocations=34 (full 5):
 PSYoungGen      total 466432K, used 214940K [0x00000007d5500000, 0x0000000800000000, 0x0000000800000000)
  eden space 233472K, 0% used [0x00000007d5500000,0x00000007d5500000,0x00000007e3900000)
  from space 232960K, 92% used [0x00000007e3900000,0x00000007f0ae7008,0x00000007f1c80000)
  to   space 232960K, 0% used [0x00000007f1c80000,0x00000007f1c80000,0x0000000800000000)
 ParOldGen       total 723456K, used 391892K [0x0000000780000000, 0x00000007ac280000, 0x00000007d5500000)
  object space 723456K, 54% used [0x0000000780000000,0x0000000797eb5018,0x00000007ac280000)
 PSPermGen       total 21504K, used 3006K [0x000000077ae00000, 0x000000077c300000, 0x0000000780000000)
  object space 21504K, 13% used [0x000000077ae00000,0x000000077b0efbf0,0x000000077c300000)

