# JRE version: Java(TM) SE Runtime Environment (7.0_51-b13) (build 1.7.0_51-b13)
# Java VM: Java HotSpot(TM) 64-Bit Server VM (24.51-b03 mixed mode linux-amd64 compressed oops)
Heap
 PSYoungGen      total 285696K, used 21483K [0x00000007d5500000, 0x00000007e8100000, 0x0000000800000000)
  eden space 264192K, 0% used [0x00000007d5500000,0x00000007d5500000,0x00000007e5700000)
  from space 21504K, 99% used [0x00000007e5700000,0x00000007e6bfad30,0x00000007e6c00000)
  to   space 21504K, 0% used [0x00000007e6c00000,0x00000007e6c00000,0x00000007e8100000)
 ParOldGen       total 349696K, used 144832K [0x0000000780000000, 0x0000000795580000, 0x00000007d5500000)
  object space 349696K, 41% used [0x0000000780000000,0x0000000788d70000,0x0000000795580000)
 PSPermGen       total 21504K, used 2962K [0x000000077ae00000, 0x000000077c300000, 0x0000000780000000)
  object space 21504K, 13% used [0x000000077ae00000,0x000000077b0e4b10,0x000000077c300000)
GC Heap History (9 events):
Event: 1.681 GC heap before
{Heap before GC invocations=1 (full 0):
 PSYoungGen      total 153600K, used 132096K [0x00000007d5500000, 0x00000007e0000000, 0x0000000800000000)
  eden space 132096K, 100% used [0x00000007d5500000,0x00000007dd600000,0x00000007dd600000)
  from space 21504K, 0% used [0x00000007deb00000,0x00000007deb00000,0x00000007e0000000)
  to   space 21504K, 0% used [0x00000007dd600000,0x00000007dd600000,0x00000007deb00000)
 ParOldGen       total 349696K, used 0K [0x0000000780000000, 0x0000000795580000, 0x00000007d5500000)
  object space 349696K, 0% used [0x0000000780000000,0x0000000780000000,0x0000000795580000)
 PSPermGen       total 21504K, used 2955K [0x000000077ae00000, 0x000000077c300000, 0x0000000780000000)
  object space 21504K, 13% used [0x000000077ae00000,0x000000077b0e2fb8,0x000000077c300000)
Event: 1.683 GC heap after
Heap after GC invocations=1 (full 0):
 PSYoungGen      total 153600K, used 384K [0x00000007d5500000, 0x00000007e0000000, 0x0000000800000000)
  eden space 132096K, 0% used [0x00000007d5500000,0x00000007d5500000,0x00000007dd600000)
  from space 21504K, 1% used [0x00000007dd600000,0x00000007dd660020,0x00000007deb00000)
  to   space 21504K, 0% used [0x00000007deb00000,0x00000007deb00000,0x00000007e0000000)
 ParOldGen       total 349696K, used 8K [0x0000000780000000, 0x0000000795580000, 0x00000007d5500000)
  object space 349696K, 0% used [0x0000000780000000,0x0000000780002000,0x0000000795580000)
 PSPermGen       total 21504K, used 2955K [0x000000077ae00000, 0x000000077c300000, 0x0000000780000000)
  object space 21504K, 13% used [0x000000077ae00000,0x000000077b0e2fb8,0x000000077c300000)
}
Event: 3.917 GC heap before
{Heap before GC invocations=2 (full 0):
 PSYoungGen      total 153600K, used 132480K [0x00000007d5500000, 0x00000007e0000000, 0x0000000800000000)
  eden space 132096K, 100% used [0x00000007d5500000,0x00000007dd600000,0x00000007dd600000)
  from space 21504K, 1% used [0x00000007dd600000,0x00000007dd660020,0x00000007deb00000)
  to   space 21504K, 0% used [0x00000007deb00000,0x00000007deb00000,0x00000007e0000000)
 ParOldGen       total 349696K, used 8K [0x0000000780000000, 0x0000000795580000, 0x00000007d5500000)
  object space 349696K, 0% used [0x0000000780000000,0x0000000780002000,0x0000000795580000)
 PSPermGen       total 21504K, used 2962K [0x000000077ae00000, 0x000000077c300000, 0x0000000780000000)
  object space 21504K, 13% used [0x000000077ae00000,0x000000077b0e4ad0,0x000000077c300000)
Event: 3.920 GC heap after
Heap after GC invocations=2 (full 0):
 PSYoungGen      total 153600K, used 352K [0x00000007d5500000, 0x00000007e0000000, 0x0000000800000000)
  eden space 132096K, 0% used [0x00000007d5500000,0x00000007d5500000,0x00000007dd600000)
  from space 21504K, 1% used [0x00000007deb00000,0x00000007deb58000,0x00000007e0000000)
  to   space 21504K, 0% used [0x00000007dd600000,0x00000007dd600000,0x00000007deb00000)
 ParOldGen       total 349696K, used 8K [0x0000000780000000, 0x0000000795580000, 0x00000007d5500000)
  object space 349696K, 0% used [0x0000000780000000,0x0000000780002000,0x0000000795580000)
 PSPermGen       total 21504K, used 2962K [0x000000077ae00000, 0x000000077c300000, 0x0000000780000000)
  object space 21504K, 13% used [0x000000077ae00000,0x000000077b0e4ad0,0x000000077c300000)
}
Event: 4.082 GC heap before
{Heap before GC invocations=3 (full 0):
 PSYoungGen      total 153600K, used 132448K [0x00000007d5500000, 0x00000007e0000000, 0x0000000800000000)
  eden space 132096K, 100% used [0x00000007d5500000,0x00000007dd600000,0x00000007dd600000)
  from space 21504K, 1% used [0x00000007deb00000,0x00000007deb58000,0x00000007e0000000)
  to   space 21504K, 0% used [0x00000007dd600000,0x00000007dd600000,0x00000007deb00000)
 ParOldGen       total 349696K, used 8K [0x0000000780000000, 0x0000000795580000, 0x00000007d5500000)
  object space 349696K, 0% used [0x0000000780000000,0x0000000780002000,0x0000000795580000)
 PSPermGen       total 21504K, used 2962K [0x000000077ae00000, 0x000000077c300000, 0x0000000780000000)
  object space 21504K, 13% used [0x000000077ae00000,0x000000077b0e4b10,0x000000077c300000)
Event: 4.230 GC heap after
Heap after GC invocations=3 (full 0):
 PSYoungGen      total 153600K, used 21492K [0x00000007d5500000, 0x00000007e8100000, 0x0000000800000000)
  eden space 132096K, 0% used [0x00000007d5500000,0x00000007d5500000,0x00000007dd600000)
  from space 21504K, 99% used [0x00000007dd600000,0x00000007deafd220,0x00000007deb00000)
  to   space 21504K, 0% used [0x00000007e6c00000,0x00000007e6c00000,0x00000007e8100000)
 ParOldGen       total 349696K, used 69776K [0x0000000780000000, 0x0000000795580000, 0x00000007d5500000)
  object space 349696K, 19% used [0x0000000780000000,0x0000000784424000,0x0000000795580000)
 PSPermGen       total 21504K, used 2962K [0x000000077ae00000, 0x000000077c300000, 0x0000000780000000)
  object space 21504K, 13% used [0x000000077ae00000,0x000000077b0e4b10,0x000000077c300000)
}
Event: 9.796 GC heap before
{Heap before GC invocations=4 (full 0):
 PSYoungGen      total 153600K, used 153588K [0x00000007d5500000, 0x00000007e8100000, 0x0000000800000000)
  eden space 132096K, 100% used [0x00000007d5500000,0x00000007dd600000,0x00000007dd600000)
  from space 21504K, 99% used [0x00000007dd600000,0x00000007deafd220,0x00000007deb00000)
  to   space 21504K, 0% used [0x00000007e6c00000,0x00000007e6c00000,0x00000007e8100000)
 ParOldGen       total 349696K, used 69776K [0x0000000780000000, 0x0000000795580000, 0x00000007d5500000)
  object space 349696K, 19% used [0x0000000780000000,0x0000000784424000,0x0000000795580000)
 PSPermGen       total 21504K, used 2962K [0x000000077ae00000, 0x000000077c300000, 0x0000000780000000)
  object space 21504K, 13% used [0x000000077ae00000,0x000000077b0e4b10,0x000000077c300000)
Event: 9.799 GC heap after
Heap after GC invocations=4 (full 0):
 PSYoungGen      total 285696K, used 352K [0x00000007d5500000, 0x00000007e8100000, 0x0000000800000000)
  eden space 264192K, 0% used [0x00000007d5500000,0x00000007d5500000,0x00000007e5700000)
  from space 21504K, 1% used [0x00000007e6c00000,0x00000007e6c58020,0x00000007e8100000)
  to   space 21504K, 0% used [0x00000007e5700000,0x00000007e5700000,0x00000007e6c00000)
 ParOldGen       total 349696K, used 69776K [0x0000000780000000, 0x0000000795580000, 0x00000007d5500000)
  object space 349696K, 19% used [0x0000000780000000,0x0000000784424000,0x0000000795580000)
 PSPermGen       total 21504K, used 2962K [0x000000077ae00000, 0x000000077c300000, 0x0000000780000000)
  object space 21504K, 13% used [0x000000077ae00000,0x000000077b0e4b10,0x000000077c300000)
}
Event: 10.189 GC heap before
{Heap before GC invocations=5 (full 0):
 PSYoungGen      total 285696K, used 264544K [0x00000007d5500000, 0x00000007e8100000, 0x0000000800000000)
  eden space 264192K, 100% used [0x00000007d5500000,0x00000007e5700000,0x00000007e5700000)
  from space 21504K, 1% used [0x00000007e6c00000,0x00000007e6c58020,0x00000007e8100000)
  to   space 21504K, 0% used [0x00000007e5700000,0x00000007e5700000,0x00000007e6c00000)
 ParOldGen       total 349696K, used 69776K [0x0000000780000000, 0x0000000795580000, 0x00000007d5500000)
  object space 349696K, 19% used [0x0000000780000000,0x0000000784424000,0x0000000795580000)
 PSPermGen       total 21504K, used 2962K [0x000000077ae00000, 0x000000077c300000, 0x0000000780000000)
  object space 21504K, 13% used [0x000000077ae00000,0x000000077b0e4b10,0x000000077c300000)

