# JRE version: Java(TM) SE Runtime Environment (7.0_51-b13) (build 1.7.0_51-b13)
# Java VM: Java HotSpot(TM) 64-Bit Server VM (24.51-b03 mixed mode linux-amd64 compressed oops)
Heap
 PSYoungGen      total 285696K, used 0K [0x00000007d5500000, 0x00000007e8100000, 0x0000000800000000)
  eden space 264192K, 0% used [0x00000007d5500000,0x00000007d5500000,0x00000007e5700000)
  from space 21504K, 0% used [0x00000007e6c00000,0x00000007e6c00000,0x00000007e8100000)
  to   space 21504K, 0% used [0x00000007e5700000,0x00000007e5700000,0x00000007e6c00000)
 ParOldGen       total 349696K, used 249118K [0x0000000780000000, 0x0000000795580000, 0x00000007d5500000)
  object space 349696K, 71% used [0x0000000780000000,0x000000078f347b60,0x0000000795580000)
 PSPermGen       total 21504K, used 2408K [0x000000077ae00000, 0x000000077c300000, 0x0000000780000000)
  object space 21504K, 11% used [0x000000077ae00000,0x000000077b05a380,0x000000077c300000)
GC Heap History (9 events):
Event: 0.715 GC heap before
{Heap before GC invocations=1 (full 0):
 PSYoungGen      total 153600K, used 132096K [0x00000007d5500000, 0x00000007e0000000, 0x0000000800000000)
  eden space 132096K, 100% used [0x00000007d5500000,0x00000007dd600000,0x00000007dd600000)
  from space 21504K, 0% used [0x00000007deb00000,0x00000007deb00000,0x00000007e0000000)
  to   space 21504K, 0% used [0x00000007dd600000,0x00000007dd600000,0x00000007deb00000)
 ParOldGen       total 349696K, used 0K [0x0000000780000000, 0x0000000795580000, 0x00000007d5500000)
  object space 349696K, 0% used [0x0000000780000000,0x0000000780000000,0x0000000795580000)
 PSPermGen       total 21504K, used 2400K [0x000000077ae00000, 0x000000077c300000, 0x0000000780000000)
  object space 21504K, 11% used [0x000000077ae00000,0x000000077b058008,0x000000077c300000)
Event: 0.716 GC heap after
Heap after GC invocations=1 (full 0):
 PSYoungGen      total 153600K, used 352K [0x00000007d5500000, 0x00000007e0000000, 0x0000000800000000)
  eden space 132096K, 0% used [0x00000007d5500000,0x00000007d5500000,0x00000007dd600000)
  from space 21504K, 1% used [0x00000007dd600000,0x00000007dd658020,0x00000007deb00000)
  to   space 21504K, 0% used [0x00000007deb00000,0x00000007deb00000,0x00000007e0000000)
 ParOldGen       total 349696K, used 8K [0x0000000780000000, 0x0000000795580000, 0x00000007d5500000)
  object space 349696K, 0% used [0x0000000780000000,0x0000000780002000,0x0000000795580000)
 PSPermGen       total 21504K, used 2400K [0x000000077ae00000, 0x000000077c300000, 0x0000000780000000)
  object space 21504K, 11% used [0x000000077ae00000,0x000000077b058008,0x000000077c300000)
}
Event: 2.267 GC heap before
{Heap before GC invocations=2 (full 0):
 PSYoungGen      total 153600K, used 132448K [0x00000007d5500000, 0x00000007e0000000, 0x0000000800000000)
  eden space 132096K, 100% used [0x00000007d5500000,0x00000007dd600000,0x00000007dd600000)
  from space 21504K, 1% used [0x00000007dd600000,0x00000007dd658020,0x00000007deb00000)
  to   space 21504K, 0% used [0x00000007deb00000,0x00000007deb00000,0x00000007e0000000)
 ParOldGen       total 349696K, used 8K [0x0000000780000000, 0x0000000795580000, 0x00000007d5500000)
  object space 349696K, 0% used [0x0000000780000000,0x0000000780002000,0x0000000795580000)
 PSPermGen       total 21504K, used 2409K [0x000000077ae00000, 0x000000077c300000, 0x0000000780000000)
  object space 21504K, 11% used [0x000000077ae00000,0x000000077b05a6a0,0x000000077c300000)
Event: 2.269 GC heap after
Heap after GC invocations=2 (full 0):
 PSYoungGen      total 153600K, used 336K [0x00000007d5500000, 0x00000007e0000000, 0x0000000800000000)
  eden space 132096K, 0% used [0x00000007d5500000,0x00000007d5500000,0x00000007dd600000)
  from space 21504K, 1% used [0x00000007deb00000,0x00000007deb54010,0x00000007e0000000)
  to   space 21504K, 0% used [0x00000007dd600000,0x00000007dd600000,0x00000007deb00000)
 ParOldGen       total 349696K, used 8K [0x0000000780000000, 0x0000000795580000, 0x00000007d5500000)
  object space 349696K, 0% used [0x0000000780000000,0x0000000780002000,0x0000000795580000)
 PSPermGen       total 21504K, used 2409K [0x000000077ae00000, 0x000000077c300000, 0x0000000780000000)
  object space 21504K, 11% used [0x000000077ae00000,0x000000077b05a6a0,0x000000077c300000)
}
Event: 2.594 GC heap before
{Heap before GC invocations=3 (full 0):
 PSYoungGen      total 153600K, used 132432K [0x00000007d5500000, 0x00000007e0000000, 0x0000000800000000)
  eden space 132096K, 100% used [0x00000007d5500000,0x00000007dd600000,0x00000007dd600000)
  from space 21504K, 1% used [0x00000007deb00000,0x00000007deb54010,0x00000007e0000000)
  to   space 21504K, 0% used [0x00000007dd600000,0x00000007dd600000,0x00000007deb00000)
 ParOldGen       total 349696K, used 8K [0x0000000780000000, 0x0000000795580000, 0x00000007d5500000)
  object space 349696K, 0% used [0x0000000780000000,0x0000000780002000,0x0000000795580000)
 PSPermGen       total 21504K, used 2409K [0x000000077ae00000, 0x000000077c300000, 0x0000000780000000)
  object space 21504K, 11% used [0x000000077ae00000,0x000000077b05a6e0,0x000000077c300000)
Event: 2.763 GC heap after
Heap after GC invocations=3 (full 0):
 PSYoungGen      total 153600K, used 21483K [0x00000007d5500000, 0x00000007e8100000, 0x0000000800000000)
  eden space 132096K, 0% used [0x00000007d5500000,0x00000007d5500000,0x00000007dd600000)
  from space 21504K, 99% used [0x00000007dd600000,0x00000007deafad10,0x00000007deb00000)
  to   space 21504K, 0% used [0x00000007e6c00000,0x00000007e6c00000,0x00000007e8100000)
 ParOldGen       total 349696K, used 95888K [0x0000000780000000, 0x0000000795580000, 0x00000007d5500000)
  object space 349696K, 27% used [0x0000000780000000,0x0000000785da4000,0x0000000795580000)
 PSPermGen       total 21504K, used 2409K [0x000000077ae00000, 0x000000077c300000, 0x0000000780000000)
  object space 21504K, 11% used [0x000000077ae00000,0x000000077b05a6e0,0x000000077c300000)
}
Event: 3.035 GC heap before
{Heap before GC invocations=4 (full 0):
 PSYoungGen      total 153600K, used 153579K [0x00000007d5500000, 0x00000007e8100000, 0x0000000800000000)
  eden space 132096K, 100% used [0x00000007d5500000,0x00000007dd600000,0x00000007dd600000)
  from space 21504K, 99% used [0x00000007dd600000,0x00000007deafad10,0x00000007deb00000)
  to   space 21504K, 0% used [0x00000007e6c00000,0x00000007e6c00000,0x00000007e8100000)
 ParOldGen       total 349696K, used 95888K [0x0000000780000000, 0x0000000795580000, 0x00000007d5500000)
  object space 349696K, 27% used [0x0000000780000000,0x0000000785da4000,0x0000000795580000)
 PSPermGen       total 21504K, used 2409K [0x000000077ae00000, 0x000000077c300000, 0x0000000780000000)
  object space 21504K, 11% used [0x000000077ae00000,0x000000077b05a6e0,0x000000077c300000)
Event: 4.024 GC heap after
Heap after GC invocations=4 (full 0):
 PSYoungGen      total 285696K, used 21483K [0x00000007d5500000, 0x00000007e8100000, 0x0000000800000000)
  eden space 264192K, 0% used [0x00000007d5500000,0x00000007d5500000,0x00000007e5700000)
  from space 21504K, 99% used [0x00000007e6c00000,0x00000007e80fad30,0x00000007e8100000)
  to   space 21504K, 0% used [0x00000007e5700000,0x00000007e5700000,0x00000007e6c00000)
 ParOldGen       total 349696K, used 228128K [0x0000000780000000, 0x0000000795580000, 0x00000007d5500000)
  object space 349696K, 65% used [0x0000000780000000,0x000000078dec8000,0x0000000795580000)
 PSPermGen       total 21504K, used 2409K [0x000000077ae00000, 0x000000077c300000, 0x0000000780000000)
  object space 21504K, 11% used [0x000000077ae00000,0x000000077b05a6e0,0x000000077c300000)
}
Event: 4.024 GC heap before
{Heap before GC invocations=5 (full 1):
 PSYoungGen      total 285696K, used 21483K [0x00000007d5500000, 0x00000007e8100000, 0x0000000800000000)
  eden space 264192K, 0% used [0x00000007d5500000,0x00000007d5500000,0x00000007e5700000)
  from space 21504K, 99% used [0x00000007e6c00000,0x00000007e80fad30,0x00000007e8100000)
  to   space 21504K, 0% used [0x00000007e5700000,0x00000007e5700000,0x00000007e6c00000)
 ParOldGen       total 349696K, used 228128K [0x0000000780000000, 0x0000000795580000, 0x00000007d5500000)
  object space 349696K, 65% used [0x0000000780000000,0x000000078dec8000,0x0000000795580000)
 PSPermGen       total 21504K, used 2409K [0x000000077ae00000, 0x000000077c300000, 0x0000000780000000)
  object space 21504K, 11% used [0x000000077ae00000,0x000000077b05a6e0,0x000000077c300000)

