# JRE version: Java(TM) SE Runtime Environment (7.0_51-b13) (build 1.7.0_51-b13)
# Java VM: Java HotSpot(TM) 64-Bit Server VM (24.51-b03 mixed mode linux-amd64 compressed oops)
Heap
 PSYoungGen      total 385024K, used 0K [0x00000007d5500000, 0x0000000800000000, 0x0000000800000000)
  eden space 274432K, 0% used [0x00000007d5500000,0x00000007d5500000,0x00000007e6100000)
  from space 110592K, 0% used [0x00000007f8480000,0x00000007f8480000,0x00000007ff080000)
  to   space 212480K, 0% used [0x00000007e6100000,0x00000007e6100000,0x00000007f3080000)
 ParOldGen       total 349696K, used 284015K [0x0000000780000000, 0x0000000795580000, 0x00000007d5500000)
  object space 349696K, 81% used [0x0000000780000000,0x000000079155bd90,0x0000000795580000)
 PSPermGen       total 21504K, used 2965K [0x000000077ae00000, 0x000000077c300000, 0x0000000780000000)
  object space 21504K, 13% used [0x000000077ae00000,0x000000077b0e5718,0x000000077c300000)
GC Heap History (10 events):
Event: 9.806 GC heap after
Heap after GC invocations=4 (full 0):
 PSYoungGen      total 285696K, used 368K [0x00000007d5500000, 0x00000007e8100000, 0x0000000800000000)
  eden space 264192K, 0% used [0x00000007d5500000,0x00000007d5500000,0x00000007e5700000)
  from space 21504K, 1% used [0x00000007e6c00000,0x00000007e6c5c010,0x00000007e8100000)
  to   space 21504K, 0% used [0x00000007e5700000,0x00000007e5700000,0x00000007e6c00000)
 ParOldGen       total 349696K, used 69792K [0x0000000780000000, 0x0000000795580000, 0x00000007d5500000)
  object space 349696K, 19% used [0x0000000780000000,0x0000000784428000,0x0000000795580000)
 PSPermGen       total 21504K, used 2962K [0x000000077ae00000, 0x000000077c300000, 0x0000000780000000)
  object space 21504K, 13% used [0x000000077ae00000,0x000000077b0e4b10,0x000000077c300000)
}
Event: 10.089 GC heap before
{Heap before GC invocations=5 (full 0):
 PSYoungGen      total 285696K, used 264560K [0x00000007d5500000, 0x00000007e8100000, 0x0000000800000000)
  eden space 264192K, 100% used [0x00000007d5500000,0x00000007e5700000,0x00000007e5700000)
  from space 21504K, 1% used [0x00000007e6c00000,0x00000007e6c5c010,0x00000007e8100000)
  to   space 21504K, 0% used [0x00000007e5700000,0x00000007e5700000,0x00000007e6c00000)
 ParOldGen       total 349696K, used 69792K [0x0000000780000000, 0x0000000795580000, 0x00000007d5500000)
  object space 349696K, 19% used [0x0000000780000000,0x0000000784428000,0x0000000795580000)
 PSPermGen       total 21504K, used 2962K [0x000000077ae00000, 0x000000077c300000, 0x0000000780000000)
  object space 21504K, 13% used [0x000000077ae00000,0x000000077b0e4b10,0x000000077c300000)
Event: 10.259 GC heap after
Heap after GC invocations=5 (full 0):
 PSYoungGen      total 285696K, used 21483K [0x00000007d5500000, 0x0000000800000000, 0x0000000800000000)
  eden space 264192K, 0% used [0x00000007d5500000,0x00000007d5500000,0x00000007e5700000)
  from space 21504K, 99% used [0x00000007e5700000,0x00000007e6bfad10,0x00000007e6c00000)
  to   space 122880K, 0% used [0x00000007f8800000,0x00000007f8800000,0x0000000800000000)
 ParOldGen       total 349696K, used 144880K [0x0000000780000000, 0x0000000795580000, 0x00000007d5500000)
  object space 349696K, 41% used [0x0000000780000000,0x0000000788d7c000,0x0000000795580000)
 PSPermGen       total 21504K, used 2962K [0x000000077ae00000, 0x000000077c300000, 0x0000000780000000)
  object space 21504K, 13% used [0x000000077ae00000,0x000000077b0e4b10,0x000000077c300000)
}
Event: 27.372 GC heap before
{Heap before GC invocations=6 (full 0):
 PSYoungGen      total 285696K, used 285675K [0x00000007d5500000, 0x0000000800000000, 0x0000000800000000)
  eden space 264192K, 100% used [0x00000007d5500000,0x00000007e5700000,0x00000007e5700000)
  from space 21504K, 99% used [0x00000007e5700000,0x00000007e6bfad10,0x00000007e6c00000)
  to   space 122880K, 0% used [0x00000007f8800000,0x00000007f8800000,0x0000000800000000)
 ParOldGen       total 349696K, used 144880K [0x0000000780000000, 0x0000000795580000, 0x00000007d5500000)
  object space 349696K, 41% used [0x0000000780000000,0x0000000788d7c000,0x0000000795580000)
 PSPermGen       total 21504K, used 2966K [0x000000077ae00000, 0x000000077c300000, 0x0000000780000000)
  object space 21504K, 13% used [0x000000077ae00000,0x000000077b0e5af8,0x000000077c300000)
Event: 27.400 GC heap after
Heap after GC invocations=6 (full 0):
 PSYoungGen      total 585216K, used 16609K [0x00000007d5500000, 0x0000000800000000, 0x0000000800000000)
  eden space 462336K, 0% used [0x00000007d5500000,0x00000007d5500000,0x00000007f1880000)
  from space 122880K, 13% used [0x00000007f8800000,0x00000007f9838490,0x0000000800000000)
  to   space 114176K, 0% used [0x00000007f1880000,0x00000007f1880000,0x00000007f8800000)
 ParOldGen       total 349696K, used 144880K [0x0000000780000000, 0x0000000795580000, 0x00000007d5500000)
  object space 349696K, 41% used [0x0000000780000000,0x0000000788d7c000,0x0000000795580000)
 PSPermGen       total 21504K, used 2966K [0x000000077ae00000, 0x000000077c300000, 0x0000000780000000)
  object space 21504K, 13% used [0x000000077ae00000,0x000000077b0e5af8,0x000000077c300000)
}
Event: 33.996 GC heap before
{Heap before GC invocations=7 (full 0):
 PSYoungGen      total 585216K, used 478945K [0x00000007d5500000, 0x0000000800000000, 0x0000000800000000)
  eden space 462336K, 100% used [0x00000007d5500000,0x00000007f1880000,0x00000007f1880000)
  from space 122880K, 13% used [0x00000007f8800000,0x00000007f9838490,0x0000000800000000)
  to   space 114176K, 0% used [0x00000007f1880000,0x00000007f1880000,0x00000007f8800000)
 ParOldGen       total 349696K, used 144880K [0x0000000780000000, 0x0000000795580000, 0x00000007d5500000)
  object space 349696K, 41% used [0x0000000780000000,0x0000000788d7c000,0x0000000795580000)
 PSPermGen       total 21504K, used 2966K [0x000000077ae00000, 0x000000077c300000, 0x0000000780000000)
  object space 21504K, 13% used [0x000000077ae00000,0x000000077b0e5af8,0x000000077c300000)
Event: 33.998 GC heap after
Heap after GC invocations=7 (full 0):
 PSYoungGen      total 462848K, used 112K [0x00000007d5500000, 0x00000007ff080000, 0x0000000800000000)
  eden space 462336K, 0% used [0x00000007d5500000,0x00000007d5500000,0x00000007f1880000)
  from space 512K, 21% used [0x00000007f1880000,0x00000007f189c010,0x00000007f1900000)
  to   space 110592K, 0% used [0x00000007f8480000,0x00000007f8480000,0x00000007ff080000)
 ParOldGen       total 349696K, used 145148K [0x0000000780000000, 0x0000000795580000, 0x00000007d5500000)
  object space 349696K, 41% used [0x0000000780000000,0x0000000788dbf060,0x0000000795580000)
 PSPermGen       total 21504K, used 2966K [0x000000077ae00000, 0x000000077c300000, 0x0000000780000000)
  object space 21504K, 13% used [0x000000077ae00000,0x000000077b0e5af8,0x000000077c300000)
}
Event: 34.475 GC heap before
{Heap before GC invocations=8 (full 0):
 PSYoungGen      total 462848K, used 462448K [0x00000007d5500000, 0x00000007ff080000, 0x0000000800000000)
  eden space 462336K, 100% used [0x00000007d5500000,0x00000007f1880000,0x00000007f1880000)
  from space 512K, 21% used [0x00000007f1880000,0x00000007f189c010,0x00000007f1900000)
  to   space 110592K, 0% used [0x00000007f8480000,0x00000007f8480000,0x00000007ff080000)
 ParOldGen       total 349696K, used 145148K [0x0000000780000000, 0x0000000795580000, 0x00000007d5500000)
  object space 349696K, 41% used [0x0000000780000000,0x0000000788dbf060,0x0000000795580000)
 PSPermGen       total 21504K, used 2966K [0x000000077ae00000, 0x000000077c300000, 0x0000000780000000)
  object space 21504K, 13% used [0x000000077ae00000,0x000000077b0e5af8,0x000000077c300000)
Event: 40.806 GC heap after
Heap after GC invocations=8 (full 0):
 PSYoungGen      total 385024K, used 110587K [0x00000007d5500000, 0x0000000800000000, 0x0000000800000000)
  eden space 274432K, 0% used [0x00000007d5500000,0x00000007d5500000,0x00000007e6100000)
  from space 110592K, 99% used [0x00000007f8480000,0x00000007ff07ed20,0x00000007ff080000)
  to   space 212480K, 0% used [0x00000007e6100000,0x00000007e6100000,0x00000007f3080000)
 ParOldGen       total 349696K, used 318780K [0x0000000780000000, 0x0000000795580000, 0x00000007d5500000)
  object space 349696K, 91% used [0x0000000780000000,0x000000079374f060,0x0000000795580000)
 PSPermGen       total 21504K, used 2966K [0x000000077ae00000, 0x000000077c300000, 0x0000000780000000)
  object space 21504K, 13% used [0x000000077ae00000,0x000000077b0e5af8,0x000000077c300000)
}
Event: 41.286 GC heap before
{Heap before GC invocations=9 (full 1):
 PSYoungGen      total 385024K, used 110587K [0x00000007d5500000, 0x0000000800000000, 0x0000000800000000)
  eden space 274432K, 0% used [0x00000007d5500000,0x00000007d5500000,0x00000007e6100000)
  from space 110592K, 99% used [0x00000007f8480000,0x00000007ff07ed20,0x00000007ff080000)
  to   space 212480K, 0% used [0x00000007e6100000,0x00000007e6100000,0x00000007f3080000)
 ParOldGen       total 349696K, used 318780K [0x0000000780000000, 0x0000000795580000, 0x00000007d5500000)
  object space 349696K, 91% used [0x0000000780000000,0x000000079374f060,0x0000000795580000)
 PSPermGen       total 21504K, used 2966K [0x000000077ae00000, 0x000000077c300000, 0x0000000780000000)
  object space 21504K, 13% used [0x000000077ae00000,0x000000077b0e5af8,0x000000077c300000)

